<?xml version="1.0" encoding="UTF-8"?>
<testng-results skipped="0" failed="0" ignored="0" total="1" passed="1">
  <reporter-output>
  </reporter-output>
  <suite name="Default suite" duration-ms="27341" started-at="2018-06-03T09:02:13Z" finished-at="2018-06-03T09:02:40Z">
    <groups>
    </groups>
    <test name="Default test" duration-ms="27341" started-at="2018-06-03T09:02:13Z" finished-at="2018-06-03T09:02:40Z">
      <class name="JenkinsTutorial.FlightBooking">
        <test-method status="PASS" signature="SimpleProgram()[pri:0, instance:JenkinsTutorial.FlightBooking@2a5ca609]" name="SimpleProgram" duration-ms="27273" started-at="2018-06-03T14:32:13Z" finished-at="2018-06-03T14:32:40Z">
          <reporter-output>
          </reporter-output>
        </test-method> <!-- SimpleProgram -->
      </class> <!-- JenkinsTutorial.FlightBooking -->
    </test> <!-- Default test -->
  </suite> <!-- Default suite -->
</testng-results>
