<?xml version="1.0" encoding="UTF-8"?>
<testng-results skipped="0" failed="0" ignored="0" total="1" passed="1">
  <reporter-output>
  </reporter-output>
  <suite name="Default suite" duration-ms="21035" started-at="2018-06-03T17:31:15Z" finished-at="2018-06-03T17:31:36Z">
    <groups>
    </groups>
    <test name="Default test" duration-ms="21035" started-at="2018-06-03T17:31:15Z" finished-at="2018-06-03T17:31:36Z">
      <class name="JenkinsTutorial.FlightBooking">
        <test-method status="PASS" signature="SimpleProgram()[pri:0, instance:JenkinsTutorial.FlightBooking@3ffc5af1]" name="SimpleProgram" duration-ms="20966" started-at="2018-06-03T23:01:15Z" finished-at="2018-06-03T23:01:36Z">
          <reporter-output>
          </reporter-output>
        </test-method> <!-- SimpleProgram -->
      </class> <!-- JenkinsTutorial.FlightBooking -->
    </test> <!-- Default test -->
  </suite> <!-- Default suite -->
</testng-results>
